2023/09/04 18:40:13.826  1524  3824  0   Tcp(S):[1:1]:  [10]: 2 [40]: 2 [46]: 1 [60]: 81 [63]: 1
2023/09/04 18:40:13.826  1524  3824  0   Tcp(R):[1:1]:  [10]: 1 [46]: 1 [54]: 2 [60]: 81 [63]: 1
2023/09/04 18:40:25.568  1524  3824  0   Tcp(S):[1:1]:  [60]: 1
2023/09/04 18:40:44.216  1524  3824  0   Tcp(S):[1:1]:  [60]: 1 [63]: 1
2023/09/04 18:40:44.216  1524  3824  0   Tcp(R):[1:1]:  [60]: 1
2023/09/04 18:40:45.385  1524  3824  0   UDP(S):[2:3]:  [71]: 1
2023/09/04 18:40:54.380  1524 11720  0   Tcp(S):[1:1]:  [60]: 3 [63]: 1
2023/09/04 18:40:54.380  1524 11720  0   Tcp(R):[1:1]:  [60]: 4 [63]: 1
2023/09/04 18:40:55.121  1524  7276  0   Tcp(S):[2:2]:  [10]: 1 [11]: 1 [58]: 1 [59]: 5 [63]: 1 [64]: 98 [97]: 11 [109]: 3
2023/09/04 18:40:55.121  1524  7276  0   Tcp(R):[2:2]:  [54]: 1 [58]: 1 [59]: 6 [63]: 5 [64]: 13 [97]: 10 [109]: 3
2023/09/04 18:40:55.124  1524  4728  0   UDP(S):[2:4]:  [64]: 115 [71]: 4 [74]: 5 [107]: 49 [108]: 9 [110]: 11 [111]: 97 [112]: 13 [115]: 6 [119]: 1
2023/09/04 18:40:55.124  1524  4728  0   UDP(R):[2:4]:  [64]: 129 [71]: 3 [74]: 5 [107]: 2375 [108]: 9 [111]: 41 [112]: 32 [115]: 13 [119]: 1
2023/09/04 18:41:05.123  1524 11720  0   UDP(S):[2:4]:  [64]: 21 [107]: 270 [108]: 10 [110]: 24 [111]: 494 [115]: 31
2023/09/04 18:41:05.123  1524 11720  0   UDP(R):[2:4]:  [64]: 7 [107]: 9486 [108]: 10 [111]: 253 [115]: 61
2023/09/04 18:41:05.287  1524  1512  0   Tcp(S):[2:2]:  [63]: 1 [64]: 97
2023/09/04 18:41:05.287  1524  1512  0   Tcp(R):[2:2]:  [63]: 5 [64]: 5
2023/09/04 18:41:05.597  1524 11460  0   Tcp(S):[1:1]:  [60]: 2 [63]: 1
2023/09/04 18:41:05.597  1524 11460  0   Tcp(R):[1:1]:  [60]: 1
2023/09/04 18:41:15.126  1524  6060  0   UDP(S):[2:4]:  [64]: 25 [107]: 401 [108]: 10 [110]: 9 [111]: 558 [115]: 46
2023/09/04 18:41:15.126  1524  6060  0   UDP(R):[2:4]:  [64]: 25 [107]: 7687 [108]: 10 [111]: 367 [115]: 70
2023/09/04 18:41:19.364  1524 11460  0   Tcp(S):[2:2]:  [27]: 1 [63]: 2 [64]: 81
2023/09/04 18:41:19.364  1524 11460  0   Tcp(R):[2:2]:  [63]: 5 [64]: 6
2023/09/04 18:41:19.442  1524  6060  0   Tcp(S):[1:1]:  [60]: 2 [63]: 1
2023/09/04 18:41:19.442  1524  6060  0   Tcp(R):[1:1]:  [60]: 2
2023/09/04 18:41:25.627  1524 11460  0   UDP(S):[2:4]:  [64]: 24 [107]: 201 [108]: 10 [110]: 11 [111]: 259 [115]: 24
2023/09/04 18:41:25.627  1524 11460  0   UDP(R):[2:4]:  [64]: 24 [107]: 1991 [108]: 10 [111]: 192 [115]: 32
2023/09/04 18:41:29.550  1524  7276  0   Tcp(S):[1:1]:  [60]: 1 [63]: 1
2023/09/04 18:41:29.551  1524  7276  0   Tcp(R):[1:1]:  [60]: 1
2023/09/04 18:41:31.430  1524 11460  0   Tcp(S):[2:2]:  [27]: 1 [63]: 2 [64]: 2
2023/09/04 18:41:31.430  1524 11460  0   Tcp(R):[2:2]:  [27]: 2 [64]: 2
2023/09/04 18:41:35.780  1524  9996  0   UDP(S):[2:4]:  [64]: 5 [107]: 82 [108]: 10 [110]: 3 [111]: 94 [115]: 10
2023/09/04 18:41:35.780  1524  9996  0   UDP(R):[2:4]:  [64]: 24 [107]: 595 [108]: 10 [111]: 83 [115]: 12
2023/09/04 18:41:39.657  1524 11720  0   Tcp(S):[1:1]:  [60]: 1 [63]: 1
2023/09/04 18:41:39.658  1524 11720  0   Tcp(R):[1:1]:  [60]: 1
2023/09/04 18:41:45.487  1524 11460  0   Tcp(S):[2:2]:  [27]: 2 [63]: 2 [64]: 2
2023/09/04 18:41:45.487  1524 11460  0   Tcp(R):[2:2]:  [27]: 2 [64]: 2
2023/09/04 18:41:45.896  1524  9996  0   UDP(S):[2:4]:  [64]: 22 [107]: 3 [108]: 10 [111]: 11 [115]: 2
2023/09/04 18:41:45.896  1524  9996  0   UDP(R):[2:4]:  [64]: 3 [107]: 6 [108]: 11 [111]: 12 [115]: 2
2023/09/04 18:41:49.763  1524  1512  0   Tcp(S):[1:1]:  [60]: 1 [63]: 1
2023/09/04 18:41:49.763  1524  1512  0   Tcp(R):[1:1]:  [60]: 1
2023/09/04 18:41:55.998  1524 11720  0   UDP(S):[2:4]:  [64]: 5 [107]: 1 [108]: 10 [111]: 11 [115]: 1
2023/09/04 18:41:55.998  1524 11720  0   UDP(R):[2:4]:  [64]: 24 [107]: 2 [108]: 9 [111]: 11 [115]: 1
2023/09/04 18:41:58.551  1524 11460  0   Tcp(S):[2:2]:  [27]: 2 [63]: 2 [64]: 2
2023/09/04 18:41:58.551  1524 11460  0   Tcp(R):[2:2]:  [27]: 2 [64]: 2
2023/09/04 18:41:59.877  1524  9996  0   Tcp(S):[1:1]:  [60]: 1 [63]: 1
2023/09/04 18:41:59.877  1524  9996  0   Tcp(R):[1:1]:  [60]: 1
2023/09/04 18:42:06.115  1524 11460  0   UDP(S):[2:4]:  [64]: 3 [108]: 10 [111]: 44 [115]: 2
2023/09/04 18:42:06.115  1524 11460  0   UDP(R):[2:4]:  [64]: 22 [107]: 37 [108]: 9 [111]: 11 [115]: 5
2023/09/04 18:42:09.989  1524  3824  0   Tcp(S):[1:1]:  [60]: 1 [63]: 1
2023/09/04 18:42:09.989  1524  3824  0   Tcp(R):[1:1]:  [60]: 1
2023/09/04 18:42:11.618  1524  3824  0   Tcp(S):[2:2]:  [27]: 2 [63]: 2 [64]: 2
2023/09/04 18:42:11.618  1524  3824  0   Tcp(R):[2:2]:  [27]: 2 [64]: 2
2023/09/04 18:42:16.169  1524  3824  0   UDP(S):[2:4]:  [64]: 5 [108]: 10 [111]: 10 [115]: 1
2023/09/04 18:42:16.169  1524  3824  0   UDP(R):[2:4]:  [64]: 24 [108]: 10 [111]: 10 [115]: 2
2023/09/04 18:42:20.044  1524  1512  0   Tcp(S):[1:1]:  [60]: 1 [63]: 1
2023/09/04 18:42:20.044  1524  1512  0   Tcp(R):[1:1]:  [60]: 1
2023/09/04 18:42:22.704  1524  1512  0   Tcp(S):[2:2]:  [27]: 2 [63]: 1 [64]: 3
2023/09/04 18:42:22.704  1524  1512  0   Tcp(R):[2:2]:  [27]: 2 [64]: 2
2023/09/04 18:42:26.191  1524 11460  0   UDP(S):[2:4]:  [64]: 4 [108]: 10 [111]: 11 [115]: 1
2023/09/04 18:42:26.191  1524 11460  0   UDP(R):[2:4]:  [64]: 42 [108]: 9 [111]: 10 [115]: 1
2023/09/04 18:42:30.128  1524  9996  0   Tcp(S):[1:1]:  [60]: 1 [63]: 1
2023/09/04 18:42:30.128  1524  9996  0   Tcp(R):[1:1]:  [60]: 1
2023/09/04 18:42:33.279  1524  1512  0   Tcp(S):[2:2]:  [63]: 2 [64]: 81
2023/09/04 18:42:33.279  1524  1512  0   Tcp(R):[2:2]:  [63]: 4 [64]: 5
2023/09/04 18:42:36.199  1524  3824  0   UDP(S):[2:4]:  [64]: 5 [108]: 10 [111]: 10 [115]: 1
2023/09/04 18:42:36.199  1524  3824  0   UDP(R):[2:4]:  [64]: 24 [108]: 10 [111]: 10 [115]: 1
2023/09/04 18:42:40.219  1524  7276  0   Tcp(S):[1:1]:  [60]: 1 [63]: 1
2023/09/04 18:42:40.219  1524  7276  0   Tcp(R):[1:1]:  [60]: 1
2023/09/04 18:42:43.733  1524 11460  0   Tcp(S):[2:2]:  [27]: 1 [63]: 2 [64]: 1
2023/09/04 18:42:43.733  1524 11460  0   Tcp(R):[2:2]:  [27]: 1 [64]: 2
2023/09/04 18:42:46.460  1524  1512  0   UDP(S):[2:4]:  [64]: 24 [107]: 2 [108]: 10 [111]: 11 [115]: 2
2023/09/04 18:42:46.460  1524  1512  0   UDP(R):[2:4]:  [64]: 24 [107]: 4 [108]: 11 [111]: 11 [115]: 2
2023/09/04 18:42:50.327  1524  6060  0   Tcp(S):[1:1]:  [60]: 1 [63]: 1
2023/09/04 18:42:50.327  1524  6060  0   Tcp(R):[1:1]:  [60]: 1
2023/09/04 18:42:56.537  1524  1512  0   UDP(S):[2:4]:  [64]: 3 [108]: 10 [111]: 10 [115]: 1
2023/09/04 18:42:56.537  1524  1512  0   UDP(R):[2:4]:  [64]: 3 [108]: 10 [111]: 10 [115]: 1
2023/09/04 18:42:57.842  1524  6060  0   Tcp(S):[2:2]:  [27]: 2 [63]: 2 [64]: 2
2023/09/04 18:42:57.842  1524  6060  0   Tcp(R):[2:2]:  [27]: 2 [64]: 2
2023/09/04 18:43:00.425  1524  7276  0   Tcp(S):[1:1]:  [60]: 1 [63]: 1
2023/09/04 18:43:00.425  1524  7276  0   Tcp(R):[1:1]:  [60]: 1
2023/09/04 18:43:06.641  1524 11460  0   UDP(S):[2:4]:  [64]: 3 [108]: 10 [111]: 10 [115]: 1
2023/09/04 18:43:06.641  1524 11460  0   UDP(R):[2:4]:  [64]: 3 [108]: 10 [111]: 10 [115]: 1
2023/09/04 18:43:10.527  1524 11460  0   Tcp(S):[1:1]:  [60]: 1 [63]: 1
2023/09/04 18:43:10.527  1524 11460  0   Tcp(R):[1:1]:  [60]: 1
2023/09/04 18:43:10.945  1524 11460  0   Tcp(S):[2:2]:  [27]: 2 [63]: 2 [64]: 2
2023/09/04 18:43:10.945  1524 11460  0   Tcp(R):[2:2]:  [27]: 2 [64]: 2
2023/09/04 18:43:16.721  1524 11460  0   UDP(S):[2:4]:  [64]: 3 [108]: 10 [111]: 10 [115]: 2
2023/09/04 18:43:16.721  1524 11460  0   UDP(R):[2:4]:  [64]: 3 [108]: 10 [111]: 10 [115]: 1
2023/09/04 18:43:20.640  1524  4728  0   Tcp(S):[1:1]:  [60]: 1 [63]: 1
2023/09/04 18:43:20.640  1524  4728  0   Tcp(R):[1:1]:  [60]: 1
2023/09/04 18:43:23.689  1524  3824  0   Tcp(S):[2:2]:  [27]: 2 [63]: 1 [64]: 3
2023/09/04 18:43:23.689  1524  3824  0   Tcp(R):[2:2]:  [27]: 2 [64]: 2
2023/09/04 18:43:26.878  1524 11460  0   UDP(S):[2:4]:  [64]: 5 [108]: 10 [111]: 10 [115]: 1
2023/09/04 18:43:26.878  1524 11460  0   UDP(R):[2:4]:  [64]: 5 [108]: 10 [111]: 10 [115]: 2
2023/09/04 18:43:30.750  1524  7276  0   Tcp(S):[1:1]:  [60]: 1 [63]: 1
2023/09/04 18:43:30.750  1524  7276  0   Tcp(R):[1:1]:  [60]: 1
2023/09/04 18:43:33.882  1524  7276  0   Tcp(S):[2:2]:  [27]: 1 [63]: 1 [64]: 16
2023/09/04 18:43:33.882  1524  7276  0   Tcp(R):[2:2]:  [27]: 1 [63]: 1 [64]: 1
2023/09/04 18:43:36.874  1524  4728  0   UDP(S):[2:4]:  [64]: 6 [108]: 10 [111]: 10 [115]: 1
2023/09/04 18:43:36.874  1524  4728  0   UDP(R):[2:4]:  [64]: 5 [108]: 9 [111]: 10 [115]: 1
2023/09/04 18:43:40.819  1524  3824  0   Tcp(S):[1:1]:  [60]: 1 [63]: 1
2023/09/04 18:43:40.820  1524  3824  0   Tcp(R):[1:1]:  [60]: 1
2023/09/04 18:43:44.141  1524 11720  0   Tcp(S):[2:2]:  [27]: 1 [63]: 2 [64]: 41
2023/09/04 18:43:44.141  1524 11720  0   Tcp(R):[2:2]:  [27]: 1 [63]: 2 [64]: 4
2023/09/04 18:43:46.978  1524  7276  0   UDP(S):[2:4]:  [64]: 27 [107]: 2 [108]: 10 [111]: 11 [115]: 1
2023/09/04 18:43:46.978  1524  7276  0   UDP(R):[2:4]:  [64]: 9 [107]: 4 [108]: 11 [111]: 11 [115]: 1
2023/09/04 18:43:50.923  1524 11720  0   Tcp(S):[1:1]:  [60]: 1 [63]: 1
2023/09/04 18:43:50.923  1524 11720  0   Tcp(R):[1:1]:  [60]: 1
2023/09/04 18:43:57.084  1524  3824  0   UDP(S):[2:4]:  [64]: 14 [107]: 4 [108]: 10 [110]: 6 [111]: 41 [115]: 2
2023/09/04 18:43:57.084  1524  3824  0   UDP(R):[2:4]:  [64]: 90 [107]: 1921 [108]: 10 [111]: 11 [115]: 5
2023/09/04 18:43:57.220  1524  4728  0   Tcp(S):[2:2]:  [27]: 1 [63]: 2 [64]: 22
2023/09/04 18:43:57.220  1524  4728  0   Tcp(R):[2:2]:  [27]: 1 [63]: 1 [64]: 3
2023/09/04 18:44:00.994  1524  7276  0   Tcp(S):[1:1]:  [60]: 1 [63]: 1
2023/09/04 18:44:00.994  1524  7276  0   Tcp(R):[1:1]:  [60]: 1
2023/09/04 18:44:07.187  1524  3824  0   UDP(S):[2:4]:  [64]: 10 [108]: 10 [111]: 10 [115]: 1
2023/09/04 18:44:07.187  1524  3824  0   UDP(R):[2:4]:  [64]: 10 [108]: 10 [111]: 10 [115]: 2
2023/09/04 18:44:10.296  1524  6060  0   Tcp(S):[2:2]:  [27]: 2 [63]: 2 [64]: 2
2023/09/04 18:44:10.296  1524  6060  0   Tcp(R):[2:2]:  [27]: 2 [64]: 2
2023/09/04 18:44:11.103  1524  7276  0   Tcp(S):[1:1]:  [60]: 1 [63]: 1
2023/09/04 18:44:11.103  1524  7276  0   Tcp(R):[1:1]:  [60]: 1
2023/09/04 18:44:17.283  1524  3824  0   UDP(S):[2:4]:  [64]: 7 [108]: 10 [111]: 10 [115]: 1
2023/09/04 18:44:17.284  1524  3824  0   UDP(R):[2:4]:  [64]: 7 [108]: 10 [111]: 10 [115]: 1
2023/09/04 18:44:21.199  1524  3824  0   Tcp(S):[1:1]:  [60]: 1 [63]: 1
2023/09/04 18:44:21.199  1524  3824  0   Tcp(R):[1:1]:  [60]: 1
2023/09/04 18:44:23.359  1524 11460  0   Tcp(S):[2:2]:  [27]: 2 [63]: 2 [64]: 2
2023/09/04 18:44:23.359  1524 11460  0   Tcp(R):[2:2]:  [27]: 2 [64]: 2
2023/09/04 18:44:27.371  1524  9996  0   UDP(S):[2:4]:  [64]: 2 [108]: 10 [111]: 10 [115]: 2
2023/09/04 18:44:27.371  1524  9996  0   UDP(R):[2:4]:  [64]: 2 [108]: 10 [111]: 10 [115]: 1
2023/09/04 18:44:31.269  1524  6060  0   Tcp(S):[1:1]:  [60]: 1 [63]: 1
2023/09/04 18:44:31.269  1524  6060  0   Tcp(R):[1:1]:  [60]: 1
2023/09/04 18:44:36.427  1524  6060  0   Tcp(S):[2:2]:  [27]: 2 [63]: 2 [64]: 2
2023/09/04 18:44:36.427  1524  6060  0   Tcp(R):[2:2]:  [27]: 2 [64]: 2
2023/09/04 18:44:37.469  1524  9996  0   UDP(S):[2:4]:  [64]: 4 [108]: 10 [111]: 10 [115]: 1
2023/09/04 18:44:37.469  1524  9996  0   UDP(R):[2:4]:  [64]: 4 [108]: 10 [111]: 10 [115]: 1
2023/09/04 18:44:41.376  1524 11460  0   Tcp(S):[1:1]:  [60]: 1 [63]: 1
2023/09/04 18:44:41.376  1524 11460  0   Tcp(R):[1:1]:  [60]: 1
2023/09/04 18:44:46.575  1524  7276  0   Tcp(S):[2:2]:  [27]: 2 [63]: 1 [64]: 2
2023/09/04 18:44:46.575  1524  7276  0   Tcp(R):[2:2]:  [27]: 2 [64]: 1
2023/09/04 18:44:47.573  1524  1512  0   UDP(S):[2:4]:  [64]: 2 [107]: 6 [108]: 10 [111]: 14 [115]: 2
2023/09/04 18:44:47.573  1524  1512  0   UDP(R):[2:4]:  [64]: 2 [107]: 12 [108]: 10 [111]: 14 [115]: 2
2023/09/04 18:44:51.487  1524 11460  0   Tcp(S):[1:1]:  [60]: 1 [63]: 1
2023/09/04 18:44:51.487  1524 11460  0   Tcp(R):[1:1]:  [60]: 1
2023/09/04 18:44:57.528  1524  4728  0   Tcp(S):[2:2]:  [27]: 1 [63]: 2 [64]: 21
2023/09/04 18:44:57.528  1524  4728  0   Tcp(R):[2:2]:  [27]: 1 [63]: 1 [64]: 3
2023/09/04 18:44:57.670  1524  1512  0   UDP(S):[2:4]:  [64]: 24 [107]: 3 [108]: 10 [111]: 14 [115]: 1
2023/09/04 18:44:57.670  1524  1512  0   UDP(R):[2:4]:  [64]: 5 [107]: 6 [108]: 10 [111]: 13 [115]: 2
2023/09/04 18:45:01.587  1524  9996  0   Tcp(S):[1:1]:  [60]: 1 [63]: 1
2023/09/04 18:45:01.587  1524  9996  0   Tcp(R):[1:1]:  [60]: 1
2023/09/04 18:45:07.755  1524  3824  0   UDP(S):[2:4]:  [64]: 7 [108]: 10 [111]: 10 [115]: 2
2023/09/04 18:45:07.755  1524  3824  0   UDP(R):[2:4]:  [64]: 102 [108]: 10 [111]: 10 [115]: 1
2023/09/04 18:45:09.603  1524  6060  0   Tcp(S):[2:2]:  [63]: 1 [64]: 103
2023/09/04 18:45:09.603  1524  6060  0   Tcp(R):[2:2]:  [63]: 5 [64]: 7
2023/09/04 18:45:11.682  1524  6060  0   Tcp(S):[1:1]:  [60]: 1 [63]: 1
2023/09/04 18:45:11.682  1524  6060  0   Tcp(R):[1:1]:  [60]: 1
2023/09/04 18:45:17.860  1524  3824  0   UDP(S):[2:4]:  [64]: 4 [107]: 1 [108]: 10 [111]: 10 [115]: 1
2023/09/04 18:45:17.860  1524  3824  0   UDP(R):[2:4]:  [64]: 4 [107]: 2 [108]: 10 [111]: 10 [115]: 1
2023/09/04 18:45:21.797  1524  1512  0   Tcp(S):[1:1]:  [60]: 1 [63]: 1
2023/09/04 18:45:21.797  1524  1512  0   Tcp(R):[1:1]:  [60]: 1
2023/09/04 18:45:23.600  1524  3824  0   Tcp(S):[2:2]:  [27]: 1 [63]: 3 [64]: 41
2023/09/04 18:45:23.600  1524  3824  0   Tcp(R):[2:2]:  [27]: 1 [63]: 2 [64]: 4
2023/09/04 18:45:27.953  1524  3824  0   UDP(S):[2:4]:  [64]: 2 [107]: 1 [108]: 10 [111]: 11 [115]: 1
2023/09/04 18:45:27.953  1524  3824  0   UDP(R):[2:4]:  [64]: 2 [107]: 2 [108]: 10 [111]: 11 [115]: 2
2023/09/04 18:45:31.902  1524  9996  0   Tcp(S):[1:1]:  [60]: 1 [63]: 1
2023/09/04 18:45:31.902  1524  9996  0   Tcp(R):[1:1]:  [60]: 1
2023/09/04 18:45:34.663  1524  6060  0   Tcp(S):[2:2]:  [27]: 2 [63]: 1 [64]: 17
2023/09/04 18:45:34.663  1524  6060  0   Tcp(R):[2:2]:  [27]: 2 [63]: 2 [64]: 2
2023/09/04 18:45:38.030  1524  3824  0   UDP(S):[2:4]:  [64]: 4 [108]: 10 [111]: 10 [115]: 1
2023/09/04 18:45:38.030  1524  3824  0   UDP(R):[2:4]:  [64]: 4 [108]: 10 [111]: 10 [115]: 1
2023/09/04 18:45:42.002  1524  1512  0   Tcp(S):[1:1]:  [60]: 1 [63]: 1
2023/09/04 18:45:42.002  1524  1512  0   Tcp(R):[1:1]:  [60]: 1
2023/09/04 18:45:44.675  1524  7276  0   Tcp(S):[2:2]:  [27]: 1 [63]: 1 [64]: 1
2023/09/04 18:45:44.675  1524  7276  0   Tcp(R):[2:2]:  [64]: 1
2023/09/04 18:45:48.069  1524  4728  0   UDP(S):[2:4]:  [64]: 3 [107]: 2 [108]: 10 [111]: 11 [115]: 2
2023/09/04 18:45:48.069  1524  4728  0   UDP(R):[2:4]:  [64]: 2 [107]: 4 [108]: 9 [111]: 11 [115]: 1
2023/09/04 18:45:52.113  1524  9996  0   Tcp(S):[1:1]:  [60]: 1 [63]: 1
2023/09/04 18:45:52.113  1524  9996  0   Tcp(R):[1:1]:  [60]: 1
2023/09/04 18:45:55.744  1524 11720  0   Tcp(S):[2:2]:  [27]: 1 [63]: 2 [64]: 2
2023/09/04 18:45:55.744  1524 11720  0   Tcp(R):[2:2]:  [27]: 2 [64]: 2
2023/09/04 18:45:58.103  1524  3824  0   UDP(S):[2:4]:  [64]: 3 [108]: 10 [111]: 10 [115]: 1
2023/09/04 18:45:58.103  1524  3824  0   UDP(R):[2:4]:  [64]: 4 [108]: 10 [111]: 11 [115]: 2
2023/09/04 18:46:02.212  1524  7276  0   Tcp(S):[1:1]:  [60]: 1 [63]: 1
2023/09/04 18:46:02.212  1524  7276  0   Tcp(R):[1:1]:  [60]: 1
2023/09/04 18:46:05.892  1524  6060  0   Tcp(S):[2:2]:  [27]: 2 [63]: 1 [64]: 2
2023/09/04 18:46:05.892  1524  6060  0   Tcp(R):[2:2]:  [27]: 2 [64]: 1
2023/09/04 18:46:08.257  1524  6060  0   UDP(S):[2:4]:  [64]: 23 [107]: 2 [108]: 10 [111]: 12 [115]: 2
2023/09/04 18:46:08.257  1524  6060  0   UDP(R):[2:4]:  [64]: 4 [107]: 4 [108]: 11 [111]: 11 [115]: 1
2023/09/04 18:46:12.306  1524  4728  0   Tcp(S):[1:1]:  [60]: 1 [63]: 1
2023/09/04 18:46:12.306  1524  4728  0   Tcp(R):[1:1]:  [60]: 1
2023/09/04 18:46:16.846  1524 11720  0   Tcp(S):[2:2]:  [27]: 1 [63]: 2 [64]: 1
2023/09/04 18:46:16.846  1524 11720  0   Tcp(R):[2:2]:  [27]: 1 [64]: 2
2023/09/04 18:46:18.356  1524 11720  0   UDP(S):[2:4]:  [64]: 4 [108]: 10 [111]: 10 [115]: 1
2023/09/04 18:46:18.356  1524 11720  0   UDP(R):[2:4]:  [64]: 23 [108]: 10 [111]: 10 [115]: 1
2023/09/04 18:46:22.403  1524  7276  0   Tcp(S):[1:1]:  [60]: 1 [63]: 1
2023/09/04 18:46:22.404  1524  7276  0   Tcp(R):[1:1]:  [60]: 1
2023/09/04 18:46:26.856  1524  7276  0   Tcp(S):[2:2]:  [27]: 1 [63]: 1 [64]: 62
2023/09/04 18:46:26.856  1524  7276  0   Tcp(R):[2:2]:  [27]: 1 [63]: 3 [64]: 4
2023/09/04 18:46:28.448  1524 11720  0   UDP(S):[2:4]:  [64]: 3 [108]: 10 [111]: 10 [115]: 1
2023/09/04 18:46:28.448  1524 11720  0   UDP(R):[2:4]:  [64]: 3 [108]: 10 [111]: 10 [115]: 2
2023/09/04 18:46:32.503  1524  3824  0   Tcp(S):[1:1]:  [60]: 1 [63]: 1
2023/09/04 18:46:32.503  1524  3824  0   Tcp(R):[1:1]:  [60]: 1
2023/09/04 18:46:38.534  1524 11720  0   UDP(S):[2:4]:  [64]: 3 [107]: 2 [108]: 10 [111]: 12 [115]: 2
2023/09/04 18:46:38.534  1524 11720  0   UDP(R):[2:4]:  [64]: 3 [107]: 4 [108]: 10 [111]: 12 [115]: 1
2023/09/04 18:46:38.900  1524  3824  0   Tcp(S):[2:2]:  [27]: 1 [63]: 2 [64]: 81
2023/09/04 18:46:38.900  1524  3824  0   Tcp(R):[2:2]:  [63]: 4 [64]: 6
